OSS PID:39033 starting with parameters: n=10, s=4, t=7, i=500
OSS: Launching worker process PID 39034 (will run for 3 sec, 237492109 nano)
OSS PID:39033 SysClockS: 0 SysclockNano: 500000000
Process Table:
Entry	Occupied	PID	StartS	StartN	MessagesSent
0	1		39034	0	500000000	0
1	0		0	0	0	0
2	0		0	0	0	0
3	0		0	0	0	0
4	0		0	0	0	0
5	0		0	0	0	0
6	0		0	0	0	0
7	0		0	0	0	0
8	0		0	0	0	0
9	0		0	0	0	0
10	0		0	0	0	0
11	0		0	0	0	0
12	0		0	0	0	0
13	0		0	0	0	0
14	0		0	0	0	0
15	0		0	0	0	0
16	0		0	0	0	0
17	0		0	0	0	0
18	0		0	0	0	0
19	0		0	0	0	0

OSS PID:39033 SysClockS: 0 SysclockNano: 500000000
Process Table:
Entry	Occupied	PID	StartS	StartN	MessagesSent
0	1		39034	0	500000000	0
1	0		0	0	0	0
2	0		0	0	0	0
3	0		0	0	0	0
4	0		0	0	0	0
5	0		0	0	0	0
6	0		0	0	0	0
7	0		0	0	0	0
8	0		0	0	0	0
9	0		0	0	0	0
10	0		0	0	0	0
11	0		0	0	0	0
12	0		0	0	0	0
13	0		0	0	0	0
14	0		0	0	0	0
15	0		0	0	0	0
16	0		0	0	0	0
17	0		0	0	0	0
18	0		0	0	0	0
19	0		0	0	0	0

OSS: Sending message to worker 0 PID 39034 at time 0:750000000
OSS: Receiving message from worker 0 PID 39034 at time 0:750000000
OSS: Launching worker process PID 39035 (will run for 5 sec, 729752709 nano)
OSS PID:39033 SysClockS: 1 SysclockNano: 0
Process Table:
Entry	Occupied	PID	StartS	StartN	MessagesSent
0	1		39034	0	500000000	1
1	1		39035	1	0	0
2	0		0	0	0	0
3	0		0	0	0	0
4	0		0	0	0	0
5	0		0	0	0	0
6	0		0	0	0	0
7	0		0	0	0	0
8	0		0	0	0	0
9	0		0	0	0	0
10	0		0	0	0	0
11	0		0	0	0	0
12	0		0	0	0	0
13	0		0	0	0	0
14	0		0	0	0	0
15	0		0	0	0	0
16	0		0	0	0	0
17	0		0	0	0	0
18	0		0	0	0	0
19	0		0	0	0	0

OSS: Sending message to worker 1 PID 39035 at time 1:0
OSS: Receiving message from worker 1 PID 39035 at time 1:0
OSS PID:39033 SysClockS: 1 SysclockNano: 0
Process Table:
Entry	Occupied	PID	StartS	StartN	MessagesSent
0	1		39034	0	500000000	1
1	1		39035	1	0	1
2	0		0	0	0	0
3	0		0	0	0	0
4	0		0	0	0	0
5	0		0	0	0	0
6	0		0	0	0	0
7	0		0	0	0	0
8	0		0	0	0	0
9	0		0	0	0	0
10	0		0	0	0	0
11	0		0	0	0	0
12	0		0	0	0	0
13	0		0	0	0	0
14	0		0	0	0	0
15	0		0	0	0	0
16	0		0	0	0	0
17	0		0	0	0	0
18	0		0	0	0	0
19	0		0	0	0	0

OSS: Sending message to worker 0 PID 39034 at time 1:125000000
OSS: Receiving message from worker 0 PID 39034 at time 1:125000000
OSS: Sending message to worker 1 PID 39035 at time 1:250000000
OSS: Receiving message from worker 1 PID 39035 at time 1:250000000
OSS: Sending message to worker 0 PID 39034 at time 1:375000000
OSS: Receiving message from worker 0 PID 39034 at time 1:375000000
OSS: Launching worker process PID 39036 (will run for 2 sec, 959395388 nano)
OSS PID:39033 SysClockS: 1 SysclockNano: 500000000
Process Table:
Entry	Occupied	PID	StartS	StartN	MessagesSent
0	1		39034	0	500000000	3
1	1		39035	1	0	2
2	1		39036	1	500000000	0
3	0		0	0	0	0
4	0		0	0	0	0
5	0		0	0	0	0
6	0		0	0	0	0
7	0		0	0	0	0
8	0		0	0	0	0
9	0		0	0	0	0
10	0		0	0	0	0
11	0		0	0	0	0
12	0		0	0	0	0
13	0		0	0	0	0
14	0		0	0	0	0
15	0		0	0	0	0
16	0		0	0	0	0
17	0		0	0	0	0
18	0		0	0	0	0
19	0		0	0	0	0

OSS: Sending message to worker 1 PID 39035 at time 1:500000000
OSS: Receiving message from worker 1 PID 39035 at time 1:500000000
OSS PID:39033 SysClockS: 1 SysclockNano: 500000000
Process Table:
Entry	Occupied	PID	StartS	StartN	MessagesSent
0	1		39034	0	500000000	3
1	1		39035	1	0	3
2	1		39036	1	500000000	0
3	0		0	0	0	0
4	0		0	0	0	0
5	0		0	0	0	0
6	0		0	0	0	0
7	0		0	0	0	0
8	0		0	0	0	0
9	0		0	0	0	0
10	0		0	0	0	0
11	0		0	0	0	0
12	0		0	0	0	0
13	0		0	0	0	0
14	0		0	0	0	0
15	0		0	0	0	0
16	0		0	0	0	0
17	0		0	0	0	0
18	0		0	0	0	0
19	0		0	0	0	0

OSS: Sending message to worker 2 PID 39036 at time 1:583333333
OSS: Receiving message from worker 2 PID 39036 at time 1:583333333
OSS: Sending message to worker 0 PID 39034 at time 1:666666666
OSS: Receiving message from worker 0 PID 39034 at time 1:666666666
OSS: Sending message to worker 1 PID 39035 at time 1:749999999
OSS: Receiving message from worker 1 PID 39035 at time 1:749999999
OSS: Sending message to worker 2 PID 39036 at time 1:833333332
OSS: Receiving message from worker 2 PID 39036 at time 1:833333332
OSS: Sending message to worker 0 PID 39034 at time 1:916666665
OSS: Receiving message from worker 0 PID 39034 at time 1:916666665
OSS: Sending message to worker 1 PID 39035 at time 1:999999998
OSS: Receiving message from worker 1 PID 39035 at time 1:999999998
OSS: Launching worker process PID 39037 (will run for 3 sec, 166091078 nano)
OSS PID:39033 SysClockS: 2 SysclockNano: 83333331
Process Table:
Entry	Occupied	PID	StartS	StartN	MessagesSent
0	1		39034	0	500000000	5
1	1		39035	1	0	5
2	1		39036	1	500000000	2
3	1		39037	2	83333331	0
4	0		0	0	0	0
5	0		0	0	0	0
6	0		0	0	0	0
7	0		0	0	0	0
8	0		0	0	0	0
9	0		0	0	0	0
10	0		0	0	0	0
11	0		0	0	0	0
12	0		0	0	0	0
13	0		0	0	0	0
14	0		0	0	0	0
15	0		0	0	0	0
16	0		0	0	0	0
17	0		0	0	0	0
18	0		0	0	0	0
19	0		0	0	0	0

OSS: Sending message to worker 2 PID 39036 at time 2:83333331
OSS: Receiving message from worker 2 PID 39036 at time 2:83333331
OSS PID:39033 SysClockS: 2 SysclockNano: 83333331
Process Table:
Entry	Occupied	PID	StartS	StartN	MessagesSent
0	1		39034	0	500000000	5
1	1		39035	1	0	5
2	1		39036	1	500000000	3
3	1		39037	2	83333331	0
4	0		0	0	0	0
5	0		0	0	0	0
6	0		0	0	0	0
7	0		0	0	0	0
8	0		0	0	0	0
9	0		0	0	0	0
10	0		0	0	0	0
11	0		0	0	0	0
12	0		0	0	0	0
13	0		0	0	0	0
14	0		0	0	0	0
15	0		0	0	0	0
16	0		0	0	0	0
17	0		0	0	0	0
18	0		0	0	0	0
19	0		0	0	0	0

OSS: Sending message to worker 3 PID 39037 at time 2:145833331
OSS: Receiving message from worker 3 PID 39037 at time 2:145833331
OSS: Sending message to worker 0 PID 39034 at time 2:208333331
OSS: Receiving message from worker 0 PID 39034 at time 2:208333331
OSS: Sending message to worker 1 PID 39035 at time 2:270833331
OSS: Receiving message from worker 1 PID 39035 at time 2:270833331
OSS: Sending message to worker 2 PID 39036 at time 2:333333331
OSS: Receiving message from worker 2 PID 39036 at time 2:333333331
OSS: Sending message to worker 3 PID 39037 at time 2:395833331
OSS: Receiving message from worker 3 PID 39037 at time 2:395833331
OSS: Sending message to worker 0 PID 39034 at time 2:458333331
OSS: Receiving message from worker 0 PID 39034 at time 2:458333331
OSS: Sending message to worker 1 PID 39035 at time 2:520833331
OSS: Receiving message from worker 1 PID 39035 at time 2:520833331
OSS: Sending message to worker 2 PID 39036 at time 2:583333331
OSS: Receiving message from worker 2 PID 39036 at time 2:583333331
OSS PID:39033 SysClockS: 2 SysclockNano: 583333331
Process Table:
Entry	Occupied	PID	StartS	StartN	MessagesSent
0	1		39034	0	500000000	7
1	1		39035	1	0	7
2	1		39036	1	500000000	5
3	1		39037	2	83333331	2
4	0		0	0	0	0
5	0		0	0	0	0
6	0		0	0	0	0
7	0		0	0	0	0
8	0		0	0	0	0
9	0		0	0	0	0
10	0		0	0	0	0
11	0		0	0	0	0
12	0		0	0	0	0
13	0		0	0	0	0
14	0		0	0	0	0
15	0		0	0	0	0
16	0		0	0	0	0
17	0		0	0	0	0
18	0		0	0	0	0
19	0		0	0	0	0

OSS: Sending message to worker 3 PID 39037 at time 2:645833331
OSS: Receiving message from worker 3 PID 39037 at time 2:645833331
OSS: Sending message to worker 0 PID 39034 at time 2:708333331
OSS: Receiving message from worker 0 PID 39034 at time 2:708333331
OSS: Sending message to worker 1 PID 39035 at time 2:770833331
OSS: Receiving message from worker 1 PID 39035 at time 2:770833331
OSS: Sending message to worker 2 PID 39036 at time 2:833333331
OSS: Receiving message from worker 2 PID 39036 at time 2:833333331
OSS: Sending message to worker 3 PID 39037 at time 2:895833331
OSS: Receiving message from worker 3 PID 39037 at time 2:895833331
OSS: Sending message to worker 0 PID 39034 at time 2:958333331
OSS: Receiving message from worker 0 PID 39034 at time 2:958333331
OSS: Sending message to worker 1 PID 39035 at time 3:20833331
OSS: Receiving message from worker 1 PID 39035 at time 3:20833331
OSS: Sending message to worker 2 PID 39036 at time 3:83333331
OSS: Receiving message from worker 2 PID 39036 at time 3:83333331
OSS PID:39033 SysClockS: 3 SysclockNano: 83333331
Process Table:
Entry	Occupied	PID	StartS	StartN	MessagesSent
0	1		39034	0	500000000	9
1	1		39035	1	0	9
2	1		39036	1	500000000	7
3	1		39037	2	83333331	4
4	0		0	0	0	0
5	0		0	0	0	0
6	0		0	0	0	0
7	0		0	0	0	0
8	0		0	0	0	0
9	0		0	0	0	0
10	0		0	0	0	0
11	0		0	0	0	0
12	0		0	0	0	0
13	0		0	0	0	0
14	0		0	0	0	0
15	0		0	0	0	0
16	0		0	0	0	0
17	0		0	0	0	0
18	0		0	0	0	0
19	0		0	0	0	0

OSS: Sending message to worker 3 PID 39037 at time 3:145833331
OSS: Receiving message from worker 3 PID 39037 at time 3:145833331
OSS: Sending message to worker 0 PID 39034 at time 3:208333331
OSS: Receiving message from worker 0 PID 39034 at time 3:208333331
OSS: Sending message to worker 1 PID 39035 at time 3:270833331
OSS: Receiving message from worker 1 PID 39035 at time 3:270833331
OSS: Sending message to worker 2 PID 39036 at time 3:333333331
OSS: Receiving message from worker 2 PID 39036 at time 3:333333331
OSS: Sending message to worker 3 PID 39037 at time 3:395833331
OSS: Receiving message from worker 3 PID 39037 at time 3:395833331
OSS: Sending message to worker 0 PID 39034 at time 3:458333331
OSS: Receiving message from worker 0 PID 39034 at time 3:458333331
OSS: Sending message to worker 1 PID 39035 at time 3:520833331
OSS: Receiving message from worker 1 PID 39035 at time 3:520833331
OSS: Sending message to worker 2 PID 39036 at time 3:583333331
OSS: Receiving message from worker 2 PID 39036 at time 3:583333331
OSS PID:39033 SysClockS: 3 SysclockNano: 583333331
Process Table:
Entry	Occupied	PID	StartS	StartN	MessagesSent
0	1		39034	0	500000000	11
1	1		39035	1	0	11
2	1		39036	1	500000000	9
3	1		39037	2	83333331	6
4	0		0	0	0	0
5	0		0	0	0	0
6	0		0	0	0	0
7	0		0	0	0	0
8	0		0	0	0	0
9	0		0	0	0	0
10	0		0	0	0	0
11	0		0	0	0	0
12	0		0	0	0	0
13	0		0	0	0	0
14	0		0	0	0	0
15	0		0	0	0	0
16	0		0	0	0	0
17	0		0	0	0	0
18	0		0	0	0	0
19	0		0	0	0	0

OSS: Sending message to worker 3 PID 39037 at time 3:645833331
OSS: Receiving message from worker 3 PID 39037 at time 3:645833331
OSS: Sending message to worker 0 PID 39034 at time 3:708333331
OSS: Receiving message from worker 0 PID 39034 at time 3:708333331
OSS: Sending message to worker 1 PID 39035 at time 3:770833331
OSS: Receiving message from worker 1 PID 39035 at time 3:770833331
OSS: Sending message to worker 2 PID 39036 at time 3:833333331
OSS: Receiving message from worker 2 PID 39036 at time 3:833333331
OSS: Sending message to worker 3 PID 39037 at time 3:895833331
OSS: Receiving message from worker 3 PID 39037 at time 3:895833331
OSS: Sending message to worker 0 PID 39034 at time 3:958333331
OSS: Receiving message from worker 0 PID 39034 at time 3:958333331
OSS: Sending message to worker 1 PID 39035 at time 4:20833331
OSS: Receiving message from worker 1 PID 39035 at time 4:20833331
OSS: Sending message to worker 2 PID 39036 at time 4:83333331
OSS: Receiving message from worker 2 PID 39036 at time 4:83333331
OSS PID:39033 SysClockS: 4 SysclockNano: 83333331
Process Table:
Entry	Occupied	PID	StartS	StartN	MessagesSent
0	1		39034	0	500000000	13
1	1		39035	1	0	13
2	1		39036	1	500000000	11
3	1		39037	2	83333331	8
4	0		0	0	0	0
5	0		0	0	0	0
6	0		0	0	0	0
7	0		0	0	0	0
8	0		0	0	0	0
9	0		0	0	0	0
10	0		0	0	0	0
11	0		0	0	0	0
12	0		0	0	0	0
13	0		0	0	0	0
14	0		0	0	0	0
15	0		0	0	0	0
16	0		0	0	0	0
17	0		0	0	0	0
18	0		0	0	0	0
19	0		0	0	0	0

OSS: Sending message to worker 3 PID 39037 at time 4:145833331
OSS: Receiving message from worker 3 PID 39037 at time 4:145833331
OSS: Sending message to worker 0 PID 39034 at time 4:208333331
OSS: Receiving message from worker 0 PID 39034 at time 4:208333331
OSS: Worker 0 PID 39034 is planning to terminate
OSS: Launching worker process PID 39038 (will run for 1 sec, 10068448 nano)
OSS PID:39033 SysClockS: 4 SysclockNano: 291666664
Process Table:
Entry	Occupied	PID	StartS	StartN	MessagesSent
0	1		39038	4	291666664	0
1	1		39035	1	0	13
2	1		39036	1	500000000	11
3	1		39037	2	83333331	9
4	0		0	0	0	0
5	0		0	0	0	0
6	0		0	0	0	0
7	0		0	0	0	0
8	0		0	0	0	0
9	0		0	0	0	0
10	0		0	0	0	0
11	0		0	0	0	0
12	0		0	0	0	0
13	0		0	0	0	0
14	0		0	0	0	0
15	0		0	0	0	0
16	0		0	0	0	0
17	0		0	0	0	0
18	0		0	0	0	0
19	0		0	0	0	0

OSS: Sending message to worker 1 PID 39035 at time 4:291666664
OSS: Receiving message from worker 1 PID 39035 at time 4:291666664
OSS: Sending message to worker 2 PID 39036 at time 4:354166664
OSS: Receiving message from worker 2 PID 39036 at time 4:354166664
OSS: Sending message to worker 3 PID 39037 at time 4:416666664
OSS: Receiving message from worker 3 PID 39037 at time 4:416666664
OSS: Sending message to worker 0 PID 39038 at time 4:479166664
OSS: Receiving message from worker 0 PID 39038 at time 4:479166664
OSS: Sending message to worker 1 PID 39035 at time 4:541666664
OSS: Receiving message from worker 1 PID 39035 at time 4:541666664
OSS: Sending message to worker 2 PID 39036 at time 4:604166664
OSS: Receiving message from worker 2 PID 39036 at time 4:604166664
OSS: Worker 2 PID 39036 is planning to terminate
OSS PID:39033 SysClockS: 4 SysclockNano: 604166664
Process Table:
Entry	Occupied	PID	StartS	StartN	MessagesSent
0	1		39038	4	291666664	1
1	1		39035	1	0	15
2	0		39036	1	500000000	13
3	1		39037	2	83333331	10
4	0		0	0	0	0
5	0		0	0	0	0
6	0		0	0	0	0
7	0		0	0	0	0
8	0		0	0	0	0
9	0		0	0	0	0
10	0		0	0	0	0
11	0		0	0	0	0
12	0		0	0	0	0
13	0		0	0	0	0
14	0		0	0	0	0
15	0		0	0	0	0
16	0		0	0	0	0
17	0		0	0	0	0
18	0		0	0	0	0
19	0		0	0	0	0

OSS: Sending message to worker 3 PID 39037 at time 4:687499997
OSS: Receiving message from worker 3 PID 39037 at time 4:687499997
OSS: Sending message to worker 0 PID 39038 at time 4:770833330
OSS: Receiving message from worker 0 PID 39038 at time 4:770833330
OSS: Launching worker process PID 39039 (will run for 6 sec, 769678655 nano)
OSS PID:39033 SysClockS: 4 SysclockNano: 854166663
Process Table:
Entry	Occupied	PID	StartS	StartN	MessagesSent
0	1		39038	4	291666664	2
1	1		39035	1	0	15
2	1		39039	4	854166663	0
3	1		39037	2	83333331	11
4	0		0	0	0	0
5	0		0	0	0	0
6	0		0	0	0	0
7	0		0	0	0	0
8	0		0	0	0	0
9	0		0	0	0	0
10	0		0	0	0	0
11	0		0	0	0	0
12	0		0	0	0	0
13	0		0	0	0	0
14	0		0	0	0	0
15	0		0	0	0	0
16	0		0	0	0	0
17	0		0	0	0	0
18	0		0	0	0	0
19	0		0	0	0	0

OSS: Sending message to worker 1 PID 39035 at time 4:854166663
OSS: Receiving message from worker 1 PID 39035 at time 4:854166663
OSS: Sending message to worker 2 PID 39039 at time 4:916666663
OSS: Receiving message from worker 2 PID 39039 at time 4:916666663
OSS: Sending message to worker 3 PID 39037 at time 4:979166663
OSS: Receiving message from worker 3 PID 39037 at time 4:979166663
OSS: Sending message to worker 0 PID 39038 at time 5:41666663
OSS: Receiving message from worker 0 PID 39038 at time 5:41666663
OSS: Sending message to worker 1 PID 39035 at time 5:104166663
OSS: Receiving message from worker 1 PID 39035 at time 5:104166663
OSS PID:39033 SysClockS: 5 SysclockNano: 104166663
Process Table:
Entry	Occupied	PID	StartS	StartN	MessagesSent
0	1		39038	4	291666664	3
1	1		39035	1	0	17
2	1		39039	4	854166663	1
3	1		39037	2	83333331	12
4	0		0	0	0	0
5	0		0	0	0	0
6	0		0	0	0	0
7	0		0	0	0	0
8	0		0	0	0	0
9	0		0	0	0	0
10	0		0	0	0	0
11	0		0	0	0	0
12	0		0	0	0	0
13	0		0	0	0	0
14	0		0	0	0	0
15	0		0	0	0	0
16	0		0	0	0	0
17	0		0	0	0	0
18	0		0	0	0	0
19	0		0	0	0	0

OSS: Sending message to worker 2 PID 39039 at time 5:166666663
OSS: Receiving message from worker 2 PID 39039 at time 5:166666663
OSS: Sending message to worker 3 PID 39037 at time 5:229166663
OSS: Receiving message from worker 3 PID 39037 at time 5:229166663
OSS: Sending message to worker 0 PID 39038 at time 5:291666663
OSS: Receiving message from worker 0 PID 39038 at time 5:291666663
OSS: Sending message to worker 1 PID 39035 at time 5:354166663
OSS: Receiving message from worker 1 PID 39035 at time 5:354166663
OSS: Sending message to worker 2 PID 39039 at time 5:416666663
OSS: Receiving message from worker 2 PID 39039 at time 5:416666663
OSS: Sending message to worker 3 PID 39037 at time 5:479166663
OSS: Receiving message from worker 3 PID 39037 at time 5:479166663
OSS: Worker 3 PID 39037 is planning to terminate
OSS: Launching worker process PID 39040 (will run for 2 sec, 552635614 nano)
OSS PID:39033 SysClockS: 5 SysclockNano: 562499996
Process Table:
Entry	Occupied	PID	StartS	StartN	MessagesSent
0	1		39038	4	291666664	4
1	1		39035	1	0	18
2	1		39039	4	854166663	3
3	1		39040	5	562499996	0
4	0		0	0	0	0
5	0		0	0	0	0
6	0		0	0	0	0
7	0		0	0	0	0
8	0		0	0	0	0
9	0		0	0	0	0
10	0		0	0	0	0
11	0		0	0	0	0
12	0		0	0	0	0
13	0		0	0	0	0
14	0		0	0	0	0
15	0		0	0	0	0
16	0		0	0	0	0
17	0		0	0	0	0
18	0		0	0	0	0
19	0		0	0	0	0

OSS: Sending message to worker 0 PID 39038 at time 5:562499996
OSS: Receiving message from worker 0 PID 39038 at time 5:562499996
OSS: Worker 0 PID 39038 is planning to terminate
OSS: Sending message to worker 1 PID 39035 at time 5:645833329
OSS: Receiving message from worker 1 PID 39035 at time 5:645833329
OSS PID:39033 SysClockS: 5 SysclockNano: 645833329
Process Table:
Entry	Occupied	PID	StartS	StartN	MessagesSent
0	0		39038	4	291666664	5
1	1		39035	1	0	19
2	1		39039	4	854166663	3
3	1		39040	5	562499996	0
4	0		0	0	0	0
5	0		0	0	0	0
6	0		0	0	0	0
7	0		0	0	0	0
8	0		0	0	0	0
9	0		0	0	0	0
10	0		0	0	0	0
11	0		0	0	0	0
12	0		0	0	0	0
13	0		0	0	0	0
14	0		0	0	0	0
15	0		0	0	0	0
16	0		0	0	0	0
17	0		0	0	0	0
18	0		0	0	0	0
19	0		0	0	0	0

OSS: Sending message to worker 2 PID 39039 at time 5:729166662
OSS: Receiving message from worker 2 PID 39039 at time 5:729166662
OSS: Sending message to worker 3 PID 39040 at time 5:812499995
OSS: Receiving message from worker 3 PID 39040 at time 5:812499995
OSS: Sending message to worker 1 PID 39035 at time 5:895833328
OSS: Receiving message from worker 1 PID 39035 at time 5:895833328
OSS: Sending message to worker 2 PID 39039 at time 5:979166661
OSS: Receiving message from worker 2 PID 39039 at time 5:979166661
OSS: Launching worker process PID 39041 (will run for 2 sec, 100203486 nano)
OSS PID:39033 SysClockS: 6 SysclockNano: 62499994
Process Table:
Entry	Occupied	PID	StartS	StartN	MessagesSent
0	1		39041	6	62499994	0
1	1		39035	1	0	20
2	1		39039	4	854166663	5
3	1		39040	5	562499996	1
4	0		0	0	0	0
5	0		0	0	0	0
6	0		0	0	0	0
7	0		0	0	0	0
8	0		0	0	0	0
9	0		0	0	0	0
10	0		0	0	0	0
11	0		0	0	0	0
12	0		0	0	0	0
13	0		0	0	0	0
14	0		0	0	0	0
15	0		0	0	0	0
16	0		0	0	0	0
17	0		0	0	0	0
18	0		0	0	0	0
19	0		0	0	0	0

OSS: Sending message to worker 3 PID 39040 at time 6:62499994
OSS: Receiving message from worker 3 PID 39040 at time 6:62499994
OSS: Sending message to worker 0 PID 39041 at time 6:124999994
OSS: Receiving message from worker 0 PID 39041 at time 6:124999994
OSS: Sending message to worker 1 PID 39035 at time 6:187499994
OSS: Receiving message from worker 1 PID 39035 at time 6:187499994
OSS PID:39033 SysClockS: 6 SysclockNano: 187499994
Process Table:
Entry	Occupied	PID	StartS	StartN	MessagesSent
0	1		39041	6	62499994	1
1	1		39035	1	0	21
2	1		39039	4	854166663	5
3	1		39040	5	562499996	2
4	0		0	0	0	0
5	0		0	0	0	0
6	0		0	0	0	0
7	0		0	0	0	0
8	0		0	0	0	0
9	0		0	0	0	0
10	0		0	0	0	0
11	0		0	0	0	0
12	0		0	0	0	0
13	0		0	0	0	0
14	0		0	0	0	0
15	0		0	0	0	0
16	0		0	0	0	0
17	0		0	0	0	0
18	0		0	0	0	0
19	0		0	0	0	0

OSS: Sending message to worker 2 PID 39039 at time 6:249999994
OSS: Receiving message from worker 2 PID 39039 at time 6:249999994
OSS: Sending message to worker 3 PID 39040 at time 6:312499994
OSS: Receiving message from worker 3 PID 39040 at time 6:312499994
OSS: Sending message to worker 0 PID 39041 at time 6:374999994
OSS: Receiving message from worker 0 PID 39041 at time 6:374999994
OSS: Sending message to worker 1 PID 39035 at time 6:437499994
OSS: Receiving message from worker 1 PID 39035 at time 6:437499994
OSS: Sending message to worker 2 PID 39039 at time 6:499999994
OSS: Receiving message from worker 2 PID 39039 at time 6:499999994
OSS: Sending message to worker 3 PID 39040 at time 6:562499994
OSS: Receiving message from worker 3 PID 39040 at time 6:562499994
OSS: Sending message to worker 0 PID 39041 at time 6:624999994
OSS: Receiving message from worker 0 PID 39041 at time 6:624999994
OSS: Sending message to worker 1 PID 39035 at time 6:687499994
OSS: Receiving message from worker 1 PID 39035 at time 6:687499994
OSS PID:39033 SysClockS: 6 SysclockNano: 687499994
Process Table:
Entry	Occupied	PID	StartS	StartN	MessagesSent
0	1		39041	6	62499994	3
1	1		39035	1	0	23
2	1		39039	4	854166663	7
3	1		39040	5	562499996	4
4	0		0	0	0	0
5	0		0	0	0	0
6	0		0	0	0	0
7	0		0	0	0	0
8	0		0	0	0	0
9	0		0	0	0	0
10	0		0	0	0	0
11	0		0	0	0	0
12	0		0	0	0	0
13	0		0	0	0	0
14	0		0	0	0	0
15	0		0	0	0	0
16	0		0	0	0	0
17	0		0	0	0	0
18	0		0	0	0	0
19	0		0	0	0	0

OSS: Sending message to worker 2 PID 39039 at time 6:749999994
OSS: Receiving message from worker 2 PID 39039 at time 6:749999994
OSS: Sending message to worker 3 PID 39040 at time 6:812499994
OSS: Receiving message from worker 3 PID 39040 at time 6:812499994
OSS: Sending message to worker 0 PID 39041 at time 6:874999994
OSS: Receiving message from worker 0 PID 39041 at time 6:874999994
OSS: Sending message to worker 1 PID 39035 at time 6:937499994
OSS: Receiving message from worker 1 PID 39035 at time 6:937499994
OSS: Worker 1 PID 39035 is planning to terminate
OSS: Launching worker process PID 39042 (will run for 4 sec, 674807579 nano)
OSS PID:39033 SysClockS: 7 SysclockNano: 20833327
Process Table:
Entry	Occupied	PID	StartS	StartN	MessagesSent
0	1		39041	6	62499994	4
1	1		39042	7	20833327	0
2	1		39039	4	854166663	8
3	1		39040	5	562499996	5
4	0		0	0	0	0
5	0		0	0	0	0
6	0		0	0	0	0
7	0		0	0	0	0
8	0		0	0	0	0
9	0		0	0	0	0
10	0		0	0	0	0
11	0		0	0	0	0
12	0		0	0	0	0
13	0		0	0	0	0
14	0		0	0	0	0
15	0		0	0	0	0
16	0		0	0	0	0
17	0		0	0	0	0
18	0		0	0	0	0
19	0		0	0	0	0

OSS: Sending message to worker 2 PID 39039 at time 7:20833327
OSS: Receiving message from worker 2 PID 39039 at time 7:20833327
OSS: Sending message to worker 3 PID 39040 at time 7:83333327
OSS: Receiving message from worker 3 PID 39040 at time 7:83333327
OSS: Sending message to worker 0 PID 39041 at time 7:145833327
OSS: Receiving message from worker 0 PID 39041 at time 7:145833327
OSS: Sending message to worker 1 PID 39042 at time 7:208333327
OSS: Receiving message from worker 1 PID 39042 at time 7:208333327
OSS PID:39033 SysClockS: 7 SysclockNano: 208333327
Process Table:
Entry	Occupied	PID	StartS	StartN	MessagesSent
0	1		39041	6	62499994	5
1	1		39042	7	20833327	1
2	1		39039	4	854166663	9
3	1		39040	5	562499996	6
4	0		0	0	0	0
5	0		0	0	0	0
6	0		0	0	0	0
7	0		0	0	0	0
8	0		0	0	0	0
9	0		0	0	0	0
10	0		0	0	0	0
11	0		0	0	0	0
12	0		0	0	0	0
13	0		0	0	0	0
14	0		0	0	0	0
15	0		0	0	0	0
16	0		0	0	0	0
17	0		0	0	0	0
18	0		0	0	0	0
19	0		0	0	0	0

OSS: Sending message to worker 2 PID 39039 at time 7:270833327
OSS: Receiving message from worker 2 PID 39039 at time 7:270833327
OSS: Sending message to worker 3 PID 39040 at time 7:333333327
OSS: Receiving message from worker 3 PID 39040 at time 7:333333327
OSS: Sending message to worker 0 PID 39041 at time 7:395833327
OSS: Receiving message from worker 0 PID 39041 at time 7:395833327
OSS: Sending message to worker 1 PID 39042 at time 7:458333327
OSS: Receiving message from worker 1 PID 39042 at time 7:458333327
OSS: Sending message to worker 2 PID 39039 at time 7:520833327
OSS: Receiving message from worker 2 PID 39039 at time 7:520833327
OSS: Sending message to worker 3 PID 39040 at time 7:583333327
OSS: Receiving message from worker 3 PID 39040 at time 7:583333327
OSS: Sending message to worker 0 PID 39041 at time 7:645833327
OSS: Receiving message from worker 0 PID 39041 at time 7:645833327
OSS: Sending message to worker 1 PID 39042 at time 7:708333327
OSS: Receiving message from worker 1 PID 39042 at time 7:708333327
OSS PID:39033 SysClockS: 7 SysclockNano: 708333327
Process Table:
Entry	Occupied	PID	StartS	StartN	MessagesSent
0	1		39041	6	62499994	7
1	1		39042	7	20833327	3
2	1		39039	4	854166663	11
3	1		39040	5	562499996	8
4	0		0	0	0	0
5	0		0	0	0	0
6	0		0	0	0	0
7	0		0	0	0	0
8	0		0	0	0	0
9	0		0	0	0	0
10	0		0	0	0	0
11	0		0	0	0	0
12	0		0	0	0	0
13	0		0	0	0	0
14	0		0	0	0	0
15	0		0	0	0	0
16	0		0	0	0	0
17	0		0	0	0	0
18	0		0	0	0	0
19	0		0	0	0	0

OSS: Sending message to worker 2 PID 39039 at time 7:770833327
OSS: Receiving message from worker 2 PID 39039 at time 7:770833327
OSS: Sending message to worker 3 PID 39040 at time 7:833333327
OSS: Receiving message from worker 3 PID 39040 at time 7:833333327
OSS: Sending message to worker 0 PID 39041 at time 7:895833327
OSS: Receiving message from worker 0 PID 39041 at time 7:895833327
OSS: Sending message to worker 1 PID 39042 at time 7:958333327
OSS: Receiving message from worker 1 PID 39042 at time 7:958333327
OSS: Sending message to worker 2 PID 39039 at time 8:20833327
OSS: Receiving message from worker 2 PID 39039 at time 8:20833327
OSS: Sending message to worker 3 PID 39040 at time 8:83333327
OSS: Receiving message from worker 3 PID 39040 at time 8:83333327
OSS: Sending message to worker 0 PID 39041 at time 8:145833327
OSS: Receiving message from worker 0 PID 39041 at time 8:145833327
OSS: Sending message to worker 1 PID 39042 at time 8:208333327
OSS: Receiving message from worker 1 PID 39042 at time 8:208333327
OSS PID:39033 SysClockS: 8 SysclockNano: 208333327
Process Table:
Entry	Occupied	PID	StartS	StartN	MessagesSent
0	1		39041	6	62499994	9
1	1		39042	7	20833327	5
2	1		39039	4	854166663	13
3	1		39040	5	562499996	10
4	0		0	0	0	0
5	0		0	0	0	0
6	0		0	0	0	0
7	0		0	0	0	0
8	0		0	0	0	0
9	0		0	0	0	0
10	0		0	0	0	0
11	0		0	0	0	0
12	0		0	0	0	0
13	0		0	0	0	0
14	0		0	0	0	0
15	0		0	0	0	0
16	0		0	0	0	0
17	0		0	0	0	0
18	0		0	0	0	0
19	0		0	0	0	0

OSS: Sending message to worker 2 PID 39039 at time 8:270833327
OSS: Receiving message from worker 2 PID 39039 at time 8:270833327
OSS: Sending message to worker 3 PID 39040 at time 8:333333327
OSS: Receiving message from worker 3 PID 39040 at time 8:333333327
OSS: Worker 3 PID 39040 is planning to terminate
OSS: Launching worker process PID 39043 (will run for 2 sec, 890752101 nano)
OSS PID:39033 SysClockS: 8 SysclockNano: 416666660
Process Table:
Entry	Occupied	PID	StartS	StartN	MessagesSent
0	1		39041	6	62499994	9
1	1		39042	7	20833327	5
2	1		39039	4	854166663	14
3	1		39043	8	416666660	0
4	0		0	0	0	0
5	0		0	0	0	0
6	0		0	0	0	0
7	0		0	0	0	0
8	0		0	0	0	0
9	0		0	0	0	0
10	0		0	0	0	0
11	0		0	0	0	0
12	0		0	0	0	0
13	0		0	0	0	0
14	0		0	0	0	0
15	0		0	0	0	0
16	0		0	0	0	0
17	0		0	0	0	0
18	0		0	0	0	0
19	0		0	0	0	0

OSS: Sending message to worker 0 PID 39041 at time 8:416666660
OSS: Receiving message from worker 0 PID 39041 at time 8:416666660
OSS: Worker 0 PID 39041 is planning to terminate
OSS: Sending message to worker 1 PID 39042 at time 8:499999993
OSS: Receiving message from worker 1 PID 39042 at time 8:499999993
OSS: Sending message to worker 2 PID 39039 at time 8:583333326
OSS: Receiving message from worker 2 PID 39039 at time 8:583333326
OSS: Sending message to worker 3 PID 39043 at time 8:666666659
OSS: Receiving message from worker 3 PID 39043 at time 8:666666659
OSS: Sending message to worker 1 PID 39042 at time 8:749999992
OSS: Receiving message from worker 1 PID 39042 at time 8:749999992
OSS PID:39033 SysClockS: 8 SysclockNano: 749999992
Process Table:
Entry	Occupied	PID	StartS	StartN	MessagesSent
0	0		39041	6	62499994	10
1	1		39042	7	20833327	7
2	1		39039	4	854166663	15
3	1		39043	8	416666660	1
4	0		0	0	0	0
5	0		0	0	0	0
6	0		0	0	0	0
7	0		0	0	0	0
8	0		0	0	0	0
9	0		0	0	0	0
10	0		0	0	0	0
11	0		0	0	0	0
12	0		0	0	0	0
13	0		0	0	0	0
14	0		0	0	0	0
15	0		0	0	0	0
16	0		0	0	0	0
17	0		0	0	0	0
18	0		0	0	0	0
19	0		0	0	0	0

OSS: Sending message to worker 2 PID 39039 at time 8:833333325
OSS: Receiving message from worker 2 PID 39039 at time 8:833333325
OSS: Sending message to worker 3 PID 39043 at time 8:916666658
OSS: Receiving message from worker 3 PID 39043 at time 8:916666658
OSS: Sending message to worker 1 PID 39042 at time 8:999999991
OSS: Receiving message from worker 1 PID 39042 at time 8:999999991
OSS: Sending message to worker 2 PID 39039 at time 9:83333324
OSS: Receiving message from worker 2 PID 39039 at time 9:83333324
OSS: Sending message to worker 3 PID 39043 at time 9:166666657
OSS: Receiving message from worker 3 PID 39043 at time 9:166666657
OSS: Sending message to worker 1 PID 39042 at time 9:249999990
OSS: Receiving message from worker 1 PID 39042 at time 9:249999990
OSS PID:39033 SysClockS: 9 SysclockNano: 249999990
Process Table:
Entry	Occupied	PID	StartS	StartN	MessagesSent
0	0		39041	6	62499994	10
1	1		39042	7	20833327	9
2	1		39039	4	854166663	17
3	1		39043	8	416666660	3
4	0		0	0	0	0
5	0		0	0	0	0
6	0		0	0	0	0
7	0		0	0	0	0
8	0		0	0	0	0
9	0		0	0	0	0
10	0		0	0	0	0
11	0		0	0	0	0
12	0		0	0	0	0
13	0		0	0	0	0
14	0		0	0	0	0
15	0		0	0	0	0
16	0		0	0	0	0
17	0		0	0	0	0
18	0		0	0	0	0
19	0		0	0	0	0

OSS: Sending message to worker 2 PID 39039 at time 9:333333323
OSS: Receiving message from worker 2 PID 39039 at time 9:333333323
OSS: Sending message to worker 3 PID 39043 at time 9:416666656
OSS: Receiving message from worker 3 PID 39043 at time 9:416666656
OSS: Sending message to worker 1 PID 39042 at time 9:499999989
OSS: Receiving message from worker 1 PID 39042 at time 9:499999989
OSS: Sending message to worker 2 PID 39039 at time 9:583333322
OSS: Receiving message from worker 2 PID 39039 at time 9:583333322
OSS: Sending message to worker 3 PID 39043 at time 9:666666655
OSS: Receiving message from worker 3 PID 39043 at time 9:666666655
OSS: Sending message to worker 1 PID 39042 at time 9:749999988
OSS: Receiving message from worker 1 PID 39042 at time 9:749999988
OSS PID:39033 SysClockS: 9 SysclockNano: 749999988
Process Table:
Entry	Occupied	PID	StartS	StartN	MessagesSent
0	0		39041	6	62499994	10
1	1		39042	7	20833327	11
2	1		39039	4	854166663	19
3	1		39043	8	416666660	5
4	0		0	0	0	0
5	0		0	0	0	0
6	0		0	0	0	0
7	0		0	0	0	0
8	0		0	0	0	0
9	0		0	0	0	0
10	0		0	0	0	0
11	0		0	0	0	0
12	0		0	0	0	0
13	0		0	0	0	0
14	0		0	0	0	0
15	0		0	0	0	0
16	0		0	0	0	0
17	0		0	0	0	0
18	0		0	0	0	0
19	0		0	0	0	0

OSS: Sending message to worker 2 PID 39039 at time 9:833333321
OSS: Receiving message from worker 2 PID 39039 at time 9:833333321
OSS: Sending message to worker 3 PID 39043 at time 9:916666654
OSS: Receiving message from worker 3 PID 39043 at time 9:916666654
OSS: Sending message to worker 1 PID 39042 at time 9:999999987
OSS: Receiving message from worker 1 PID 39042 at time 9:999999987
OSS: Sending message to worker 2 PID 39039 at time 10:83333320
OSS: Receiving message from worker 2 PID 39039 at time 10:83333320
OSS: Sending message to worker 3 PID 39043 at time 10:166666653
OSS: Receiving message from worker 3 PID 39043 at time 10:166666653
OSS: Sending message to worker 1 PID 39042 at time 10:249999986
OSS: Receiving message from worker 1 PID 39042 at time 10:249999986
OSS PID:39033 SysClockS: 10 SysclockNano: 249999986
Process Table:
Entry	Occupied	PID	StartS	StartN	MessagesSent
0	0		39041	6	62499994	10
1	1		39042	7	20833327	13
2	1		39039	4	854166663	21
3	1		39043	8	416666660	7
4	0		0	0	0	0
5	0		0	0	0	0
6	0		0	0	0	0
7	0		0	0	0	0
8	0		0	0	0	0
9	0		0	0	0	0
10	0		0	0	0	0
11	0		0	0	0	0
12	0		0	0	0	0
13	0		0	0	0	0
14	0		0	0	0	0
15	0		0	0	0	0
16	0		0	0	0	0
17	0		0	0	0	0
18	0		0	0	0	0
19	0		0	0	0	0

OSS: Sending message to worker 2 PID 39039 at time 10:333333319
OSS: Receiving message from worker 2 PID 39039 at time 10:333333319
OSS: Sending message to worker 3 PID 39043 at time 10:416666652
OSS: Receiving message from worker 3 PID 39043 at time 10:416666652
OSS: Sending message to worker 1 PID 39042 at time 10:499999985
OSS: Receiving message from worker 1 PID 39042 at time 10:499999985
OSS: Sending message to worker 2 PID 39039 at time 10:583333318
OSS: Receiving message from worker 2 PID 39039 at time 10:583333318
OSS: Sending message to worker 3 PID 39043 at time 10:666666651
OSS: Receiving message from worker 3 PID 39043 at time 10:666666651
OSS: Sending message to worker 1 PID 39042 at time 10:749999984
OSS: Receiving message from worker 1 PID 39042 at time 10:749999984
OSS PID:39033 SysClockS: 10 SysclockNano: 749999984
Process Table:
Entry	Occupied	PID	StartS	StartN	MessagesSent
0	0		39041	6	62499994	10
1	1		39042	7	20833327	15
2	1		39039	4	854166663	23
3	1		39043	8	416666660	9
4	0		0	0	0	0
5	0		0	0	0	0
6	0		0	0	0	0
7	0		0	0	0	0
8	0		0	0	0	0
9	0		0	0	0	0
10	0		0	0	0	0
11	0		0	0	0	0
12	0		0	0	0	0
13	0		0	0	0	0
14	0		0	0	0	0
15	0		0	0	0	0
16	0		0	0	0	0
17	0		0	0	0	0
18	0		0	0	0	0
19	0		0	0	0	0

OSS: Sending message to worker 2 PID 39039 at time 10:833333317
OSS: Receiving message from worker 2 PID 39039 at time 10:833333317
OSS: Sending message to worker 3 PID 39043 at time 10:916666650
OSS: Receiving message from worker 3 PID 39043 at time 10:916666650
OSS: Sending message to worker 1 PID 39042 at time 10:999999983
OSS: Receiving message from worker 1 PID 39042 at time 10:999999983
OSS: Sending message to worker 2 PID 39039 at time 11:83333316
OSS: Receiving message from worker 2 PID 39039 at time 11:83333316
OSS: Sending message to worker 3 PID 39043 at time 11:166666649
OSS: Receiving message from worker 3 PID 39043 at time 11:166666649
OSS: Sending message to worker 1 PID 39042 at time 11:249999982
OSS: Receiving message from worker 1 PID 39042 at time 11:249999982
OSS PID:39033 SysClockS: 11 SysclockNano: 249999982
Process Table:
Entry	Occupied	PID	StartS	StartN	MessagesSent
0	0		39041	6	62499994	10
1	1		39042	7	20833327	17
2	1		39039	4	854166663	25
3	1		39043	8	416666660	11
4	0		0	0	0	0
5	0		0	0	0	0
6	0		0	0	0	0
7	0		0	0	0	0
8	0		0	0	0	0
9	0		0	0	0	0
10	0		0	0	0	0
11	0		0	0	0	0
12	0		0	0	0	0
13	0		0	0	0	0
14	0		0	0	0	0
15	0		0	0	0	0
16	0		0	0	0	0
17	0		0	0	0	0
18	0		0	0	0	0
19	0		0	0	0	0

OSS: Sending message to worker 2 PID 39039 at time 11:333333315
OSS: Receiving message from worker 2 PID 39039 at time 11:333333315
OSS: Sending message to worker 3 PID 39043 at time 11:416666648
OSS: Receiving message from worker 3 PID 39043 at time 11:416666648
OSS: Sending message to worker 1 PID 39042 at time 11:499999981
OSS: Receiving message from worker 1 PID 39042 at time 11:499999981
OSS: Sending message to worker 2 PID 39039 at time 11:583333314
OSS: Receiving message from worker 2 PID 39039 at time 11:583333314
OSS: Sending message to worker 3 PID 39043 at time 11:666666647
OSS: Receiving message from worker 3 PID 39043 at time 11:666666647
OSS: Worker 3 PID 39043 is planning to terminate
OSS: Sending message to worker 1 PID 39042 at time 11:791666647
OSS: Receiving message from worker 1 PID 39042 at time 11:791666647
OSS PID:39033 SysClockS: 11 SysclockNano: 791666647
Process Table:
Entry	Occupied	PID	StartS	StartN	MessagesSent
0	0		39041	6	62499994	10
1	1		39042	7	20833327	19
2	1		39039	4	854166663	27
3	0		39043	8	416666660	13
4	0		0	0	0	0
5	0		0	0	0	0
6	0		0	0	0	0
7	0		0	0	0	0
8	0		0	0	0	0
9	0		0	0	0	0
10	0		0	0	0	0
11	0		0	0	0	0
12	0		0	0	0	0
13	0		0	0	0	0
14	0		0	0	0	0
15	0		0	0	0	0
16	0		0	0	0	0
17	0		0	0	0	0
18	0		0	0	0	0
19	0		0	0	0	0

OSS: Sending message to worker 2 PID 39039 at time 11:916666647
OSS: Receiving message from worker 2 PID 39039 at time 11:916666647
OSS: Worker 2 PID 39039 is planning to terminate
OSS: Sending message to worker 1 PID 39042 at time 12:166666647
OSS: Receiving message from worker 1 PID 39042 at time 12:166666647
OSS: Worker 1 PID 39042 is planning to terminate

--- Final Statistics ---
Total processes launched: 10
Total messages sent: 152
Starting cleanup process...
Detached from shared memory
Removed shared memory segment
Removed message queue
Freed process table memory
Cleanup complete
